0 silly argv {
0 silly argv   _: [ 'create' ],
0 silly argv   lernaVersion: '3.22.1',
0 silly argv   '$0': '/Users/jeffreysmith/Desktop/Project.nosync/react-kit/node_modules/.bin/lerna',
0 silly argv   name: 'kit',
0 silly argv   loc: 'button'
0 silly argv }
1 notice cli v3.22.1
2 verbose rootPath /Users/jeffreysmith/Desktop/Project.nosync/react-kit
3 info versioning independent
4 error Error: canceled
4 error     at Interface.<anonymous> (/Users/jeffreysmith/Desktop/Project.nosync/react-kit/node_modules/read/lib/read.js:66:13)
4 error     at Interface.emit (events.js:311:20)
4 error     at Interface._ttyWrite (readline.js:893:16)
4 error     at ReadStream.onkeypress (readline.js:198:10)
4 error     at ReadStream.emit (events.js:311:20)
4 error     at emitKeys (internal/readline/utils.js:438:14)
4 error     at emitKeys.next (<anonymous>)
4 error     at ReadStream.onData (readline.js:1160:36)
4 error     at ReadStream.emit (events.js:311:20)
4 error     at addChunk (_stream_readable.js:294:12)
4 error     at readableAddChunk (_stream_readable.js:275:11)
4 error     at ReadStream.Readable.push (_stream_readable.js:209:10)
