Arguments: 
  /usr/local/bin/node /usr/local/bin/yarn install --mutex network:42424 --non-interactive

PATH: 
  /Users/jeffreysmith/Desktop/Project.nosync/react-typescript-boilplate/node_modules/.bin:/Users/jeffreysmith/Desktop/Project.nosync/node_modules/.bin:/Users/jeffreysmith/Desktop/node_modules/.bin:/Users/jeffreysmith/node_modules/.bin:/Users/node_modules/.bin:/node_modules/.bin:/usr/local/bin:/usr/local/bin:/usr/bin:/bin:/usr/sbin:/sbin:/Applications/VMware Fusion.app/Contents/Public:/usr/local/go/bin:/Library/Apple/usr/bin

Yarn version: 
  1.22.4

Node version: 
  12.16.1

Platform: 
  darwin x64

Trace: 
  Error: https://registry.npmjs.org/@sdc%2fcore: Not found
      at Request.params.callback [as _callback] (/usr/local/lib/node_modules/yarn/lib/cli.js:66987:18)
      at Request.self.callback (/usr/local/lib/node_modules/yarn/lib/cli.js:140748:22)
      at Request.emit (events.js:311:20)
      at Request.<anonymous> (/usr/local/lib/node_modules/yarn/lib/cli.js:141720:10)
      at Request.emit (events.js:311:20)
      at IncomingMessage.<anonymous> (/usr/local/lib/node_modules/yarn/lib/cli.js:141642:12)
      at Object.onceWrapper (events.js:417:28)
      at IncomingMessage.emit (events.js:323:22)
      at endReadableNT (_stream_readable.js:1204:12)
      at processTicksAndRejections (internal/process/task_queues.js:84:21)

npm manifest: 
  {
    "name": "react-typescript-boilplate",
    "private": true,
    "scripts": {
      "build": "npm run clean && npm run compile",
      "clean": "rm -rf ./build",
      "compile": "lerna run build",
      "pub": "lerna publish",
      "vendor": "yarn workspace @sdc/vendor",
      "admin": "yarn workspace @sdc/admin",
      "test": "lerna run test"
    },
    "dependencies": {
      "@sdc/core": "^1.0.0",
      "@atlaskit/button": "^13.3.11",
      "@atlaskit/checkbox": "^10.1.10",
      "@atlaskit/css-reset": "^5.0.10",
      "@atlaskit/datetime-picker": "^9.4.2",
      "@atlaskit/dropdown-menu": "^9.0.2",
      "@atlaskit/droplist": "^10.0.3",
      "@atlaskit/dynamic-table": "^13.7.2",
      "@atlaskit/lozenge": "^9.1.6",
      "@atlaskit/pagination": "^12.0.19",
      "@atlaskit/popup": "^0.3.4",
      "@atlaskit/select": "^11.0.9",
      "@atlaskit/spinner": "^12.1.6",
      "@atlaskit/tag": "^9.1.0",
      "@atlaskit/toggle": "^8.1.6",
      "@atlaskit/tooltip": "^15.2.7",
      "@babel/plugin-transform-react-jsx": "^7.10.4",
      "@chakra-ui/core": "^0.6.1",
      "@emotion/core": "^10.0.28",
      "@emotion/styled": "^10.0.27",
      "@material-ui/core": "^4.10.2",
      "@material-ui/lab": "^4.0.0-alpha.56",
      "@sentry/browser": "^5.15.5",
      "@types/react": "^16.9.0",
      "@types/react-dom": "^16.9.0",
      "@types/sharedworker": "^0.0.29",
      "axios": "^0.19.2",
      "color-convert": "^2.0.1",
      "countries-list": "^2.5.4",
      "cpy-cli": "^3.1.1",
      "driver-license-validator": "^1.0.0",
      "emotion-theming": "^10.0.27",
      "firebase": "^7.15.0",
      "formik": "^2.1.4",
      "global": "^4.4.0",
      "lerna": "^3.22.1",
      "libphonenumber-js": "^1.7.50",
      "lodash": "^4.17.15",
      "moment": "2.24.0",
      "moment-business-days": "^1.2.0",
      "node-sass": "^4.13.1",
      "nprogress": "^0.2.0",
      "promise.allsettled": "^1.0.2",
      "react": "^16.13.0",
      "react-app-rewired": "^2.1.5",
      "react-content-loader": "^5.0.2",
      "react-countdown": "^2.2.1",
      "react-country-flag": "^2.0.1",
      "react-datepicker": "^2.14.1",
      "react-dom": "^16.13.0",
      "react-excel-renderer": "^1.1.0",
      "react-icons": "^3.9.0",
      "react-loading-skeleton": "^2.0.1",
      "react-number-format": "^4.4.1",
      "react-phone-number-input": "^3.0.22",
      "react-places-autocomplete": "^7.2.1",
      "react-priority-navigation": "^1.0.2",
      "react-router-dom": "^5.1.2",
      "react-router-hash-link": "^1.2.2",
      "react-router-sitemap": "^1.2.0",
      "react-scripts": "3.4.1",
      "react-spring": "^8.0.27",
      "react-transition-group": "^4.3.0",
      "react-useportal": "^1.0.13",
      "react-webworker": "^2.1.0",
      "react-xml-parser": "^1.1.6",
      "reactjs-popup": "^1.5.0",
      "read-excel-file": "^4.0.6",
      "recharts": "^1.8.5",
      "shortid": "^2.2.15",
      "socket.io-client": "^2.3.0",
      "style-it": "^2.1.4",
      "styled-components": "^5.1.0",
      "svgo": "^1.3.2",
      "tsconfig-paths-webpack-plugin": "^3.3.0",
      "typescript": "~3.7.2",
      "url-query-builder": "^3.0.3",
      "use-debounce": "^3.4.3",
      "use-http": "^1.0.13",
      "web-worker": "^1.0.0",
      "worker-timers": "^6.0.9",
      "yup": "^0.28.3"
    },
    "devDependencies": {
      "@babel/cli": "^7.10.5",
      "@babel/core": "^7.11.1",
      "@babel/plugin-proposal-class-properties": "^7.10.4",
      "@babel/plugin-proposal-numeric-separator": "^7.8.3",
      "@babel/plugin-transform-runtime": "^7.11.0",
      "@babel/preset-env": "^7.11.0",
      "@babel/preset-es2017": "^7.0.0-beta.53",
      "@babel/preset-react": "^7.8.3",
      "@pmmmwh/react-refresh-webpack-plugin": "^0.4.1",
      "@storybook/addon-actions": "^5.3.14",
      "@storybook/addon-links": "^5.3.14",
      "@storybook/addons": "^5.3.14",
      "@storybook/preset-create-react-app": "^2.0.0",
      "@storybook/react": "^5.3.14",
      "@testing-library/jest-dom": "^4.2.4",
      "@testing-library/react": "^9.3.2",
      "@testing-library/user-event": "^7.1.2",
      "@types/jest": "^26.0.9",
      "@types/moment": "^2.13.0",
      "@types/node": "^12.0.0",
      "@types/react-router-dom": "^5.1.3",
      "@types/react-transition-group": "^4.2.4",
      "@types/socket.io-client": "^1.4.33",
      "@types/yup": "^0.26.34",
      "@welldone-software/why-did-you-render": "^4.0.5",
      "awesome-typescript-loader": "^5.2.1",
      "babel-plugin-module-resolver": "^4.0.0",
      "babel-plugin-root-import": "^6.4.1",
      "babel-register": "^6.26.0",
      "chai": "^4.2.0",
      "customize-cra": "^1.0.0",
      "customize-cra-react-refresh": "^1.0.1",
      "dotenv": "^8.2.0",
      "dotenv-cli": "^3.1.0",
      "eslint-config-prettier": "^6.10.0",
      "eslint-plugin-prettier": "^3.1.2",
      "husky": "^4.2.3",
      "lint-staged": "^10.0.8",
      "mocha": "^7.1.0",
      "prettier": "^1.19.1",
      "react-refresh": "^0.8.3",
      "worker-loader": "^3.0.0"
    },
    "workspaces": [
      "packages/*",
      "projects/*",
      "types"
    ]
  }

yarn manifest: 
  No manifest

Lockfile: 
  No lockfile
